# JRE version: Java(TM) SE Runtime Environment (21.0.3+7) (build 21.0.3+7-LTS-152)
# Java VM: Java HotSpot(TM) 64-Bit Server VM (21.0.3+7-LTS-152, mixed mode, sharing, tiered, compressed oops, compressed class ptrs, g1 gc, windows-amd64)
GC Precious Log:
 CardTable entry size: 512
 Card Set container configuration: InlinePtr #cards 4 size 8 Array Of Cards #cards 16 size 48 Howl #buckets 8 coarsen threshold 3686 Howl Bitmap #cards 512 size 80 coarsen threshold 460 Card regions per heap region 1 cards per card region 4096
 CPUs: 8 total, 8 available
 Memory: 12125M
 Large Page Support: Disabled
 NUMA Support: Disabled
 Compressed Oops: Enabled (Zero based)
 Heap Region Size: 2M
 Heap Min Capacity: 8M
 Heap Initial Capacity: 190M
 Heap Max Capacity: 3032M
 Pre-touch: Disabled
 Parallel Workers: 8
 Concurrent Workers: 2
 Concurrent Refinement Workers: 8
 Periodic GC: Disabled
Heap:
 garbage-first heap   total 75776K, used 51124K [0x0000000742800000, 0x0000000800000000)
  region size 2048K, 17 young (34816K), 2 survivors (4096K)
 Metaspace       used 35335K, committed 35840K, reserved 1114112K
  class space    used 3990K, committed 4224K, reserved 1048576K
GC Heap History (20 events):
Event: 5.848 GC heap before
{Heap before GC invocations=5 (full 0):
 garbage-first heap   total 83968K, used 60252K [0x0000000742800000, 0x0000000800000000)
  region size 2048K, 23 young (47104K), 8 survivors (16384K)
 Metaspace       used 28305K, committed 28672K, reserved 1114112K
  class space    used 3157K, committed 3328K, reserved 1048576K
}
Event: 5.879 GC heap after
{Heap after GC invocations=6 (full 0):
 garbage-first heap   total 86016K, used 36864K [0x0000000742800000, 0x0000000800000000)
  region size 2048K, 3 young (6144K), 3 survivors (6144K)
 Metaspace       used 28305K, committed 28672K, reserved 1114112K
  class space    used 3157K, committed 3328K, reserved 1048576K
}
Event: 6.422 GC heap before
{Heap before GC invocations=6 (full 0):
 garbage-first heap   total 86016K, used 69632K [0x0000000742800000, 0x0000000800000000)
  region size 2048K, 19 young (38912K), 3 survivors (6144K)
 Metaspace       used 29554K, committed 29952K, reserved 1114112K
  class space    used 3317K, committed 3520K, reserved 1048576K
}
Event: 6.434 GC heap after
{Heap after GC invocations=7 (full 0):
 garbage-first heap   total 86016K, used 37888K [0x0000000742800000, 0x0000000800000000)
  region size 2048K, 1 young (2048K), 1 survivors (2048K)
 Metaspace       used 29554K, committed 29952K, reserved 1114112K
  class space    used 3317K, committed 3520K, reserved 1048576K
}
Event: 6.728 GC heap before
{Heap before GC invocations=7 (full 0):
 garbage-first heap   total 86016K, used 70656K [0x0000000742800000, 0x0000000800000000)
  region size 2048K, 17 young (34816K), 1 survivors (2048K)
 Metaspace       used 30177K, committed 30592K, reserved 1114112K
  class space    used 3395K, committed 3584K, reserved 1048576K
}
Event: 6.736 GC heap after
{Heap after GC invocations=8 (full 0):
 garbage-first heap   total 86016K, used 38800K [0x0000000742800000, 0x0000000800000000)
  region size 2048K, 2 young (4096K), 2 survivors (4096K)
 Metaspace       used 30177K, committed 30592K, reserved 1114112K
  class space    used 3395K, committed 3584K, reserved 1048576K
}
Event: 7.380 GC heap before
{Heap before GC invocations=8 (full 0):
 garbage-first heap   total 86016K, used 71568K [0x0000000742800000, 0x0000000800000000)
  region size 2048K, 18 young (36864K), 2 survivors (4096K)
 Metaspace       used 31945K, committed 32384K, reserved 1114112K
  class space    used 3598K, committed 3776K, reserved 1048576K
}
Event: 7.393 GC heap after
{Heap after GC invocations=9 (full 0):
 garbage-first heap   total 110592K, used 40432K [0x0000000742800000, 0x0000000800000000)
  region size 2048K, 3 young (6144K), 3 survivors (6144K)
 Metaspace       used 31945K, committed 32384K, reserved 1114112K
  class space    used 3598K, committed 3776K, reserved 1048576K
}
Event: 8.447 GC heap before
{Heap before GC invocations=9 (full 0):
 garbage-first heap   total 110592K, used 93680K [0x0000000742800000, 0x0000000800000000)
  region size 2048K, 23 young (47104K), 3 survivors (6144K)
 Metaspace       used 34739K, committed 35264K, reserved 1114112K
  class space    used 3945K, committed 4160K, reserved 1048576K
}
Event: 8.455 GC heap after
{Heap after GC invocations=10 (full 0):
 garbage-first heap   total 110592K, used 57991K [0x0000000742800000, 0x0000000800000000)
  region size 2048K, 4 young (8192K), 4 survivors (8192K)
 Metaspace       used 34739K, committed 35264K, reserved 1114112K
  class space    used 3945K, committed 4160K, reserved 1048576K
}
Event: 9.004 GC heap before
{Heap before GC invocations=11 (full 0):
 garbage-first heap   total 122880K, used 96903K [0x0000000742800000, 0x0000000800000000)
  region size 2048K, 20 young (40960K), 4 survivors (8192K)
 Metaspace       used 36004K, committed 36480K, reserved 1114112K
  class space    used 4066K, committed 4288K, reserved 1048576K
}
Event: 9.054 GC heap after
{Heap after GC invocations=12 (full 1):
 garbage-first heap   total 81920K, used 20232K [0x0000000742800000, 0x0000000800000000)
  region size 2048K, 0 young (0K), 0 survivors (0K)
 Metaspace       used 34548K, committed 35584K, reserved 1114112K
  class space    used 3895K, committed 4224K, reserved 1048576K
}
Event: 9.055 GC heap before
{Heap before GC invocations=12 (full 1):
 garbage-first heap   total 81920K, used 20232K [0x0000000742800000, 0x0000000800000000)
  region size 2048K, 0 young (0K), 0 survivors (0K)
 Metaspace       used 34548K, committed 35584K, reserved 1114112K
  class space    used 3895K, committed 4224K, reserved 1048576K
}
Event: 9.092 GC heap after
{Heap after GC invocations=13 (full 2):
 garbage-first heap   total 75776K, used 19809K [0x0000000742800000, 0x0000000800000000)
  region size 2048K, 0 young (0K), 0 survivors (0K)
 Metaspace       used 34548K, committed 35584K, reserved 1114112K
  class space    used 3895K, committed 4224K, reserved 1048576K
}
Event: 9.106 GC heap before
{Heap before GC invocations=13 (full 2):
 garbage-first heap   total 75776K, used 19809K [0x0000000742800000, 0x0000000800000000)
  region size 2048K, 1 young (2048K), 0 survivors (0K)
 Metaspace       used 34597K, committed 35648K, reserved 1114112K
  class space    used 3905K, committed 4224K, reserved 1048576K
}
Event: 9.146 GC heap after
{Heap after GC invocations=14 (full 3):
 garbage-first heap   total 75776K, used 19831K [0x0000000742800000, 0x0000000800000000)
  region size 2048K, 0 young (0K), 0 survivors (0K)
 Metaspace       used 34597K, committed 35648K, reserved 1114112K
  class space    used 3905K, committed 4224K, reserved 1048576K
}
Event: 9.146 GC heap before
{Heap before GC invocations=14 (full 3):
 garbage-first heap   total 75776K, used 19831K [0x0000000742800000, 0x0000000800000000)
  region size 2048K, 0 young (0K), 0 survivors (0K)
 Metaspace       used 34597K, committed 35648K, reserved 1114112K
  class space    used 3905K, committed 4224K, reserved 1048576K
}
Event: 9.183 GC heap after
{Heap after GC invocations=15 (full 4):
 garbage-first heap   total 75776K, used 19831K [0x0000000742800000, 0x0000000800000000)
  region size 2048K, 0 young (0K), 0 survivors (0K)
 Metaspace       used 34597K, committed 35648K, reserved 1114112K
  class space    used 3905K, committed 4224K, reserved 1048576K
}
Event: 9.743 GC heap before
{Heap before GC invocations=15 (full 4):
 garbage-first heap   total 75776K, used 58743K [0x0000000742800000, 0x0000000800000000)
  region size 2048K, 19 young (38912K), 0 survivors (0K)
 Metaspace       used 34792K, committed 35648K, reserved 1114112K
  class space    used 3905K, committed 4224K, reserved 1048576K
}
Event: 9.746 GC heap after
{Heap after GC invocations=16 (full 4):
 garbage-first heap   total 75776K, used 22452K [0x0000000742800000, 0x0000000800000000)
  region size 2048K, 2 young (4096K), 2 survivors (4096K)
 Metaspace       used 34792K, committed 35648K, reserved 1114112K
  class space    used 3905K, committed 4224K, reserved 1048576K
}

